<?xml version="1.0" encoding="UTF-8"?>
<!-- Generated by org.testng.reporters.JUnitReportReporter -->
<testsuite hostname="DESKTOP-EAGAB1P" failures="0" tests="2" name="testcases.CheckOutStep1Page_test" time="17.647" errors="0" timestamp="2025-02-01T13:31:56 IST" skipped="0">
  <testcase classname="testcases.CheckOutStep1Page_test" name="clickCancelBtnTest" time="11.465">
    <system-out>
      <![CDATA[After click on cancel btn URL is: https://www.saucedemo.com/v1/cart.html]]>
    </system-out>
  </testcase> <!-- clickCancelBtnTest -->
  <testcase classname="testcases.CheckOutStep1Page_test" name="verifyCheckInfoTextTest" time="6.182">
    <system-out>
      <![CDATA[Check out step 1 page title: Checkout: Your Information]]>
    </system-out>
  </testcase> <!-- verifyCheckInfoTextTest -->
  <system-out>
    <![CDATA[After click on cancel btn URL is: https://www.saucedemo.com/v1/cart.html
Check out step 1 page title: Checkout: Your Information
actual thank u text: THANK YOU FOR YOUR ORDER]]>
  </system-out>
</testsuite> <!-- testcases.CheckOutStep1Page_test -->
