<?xml version="1.0" encoding="UTF-8"?>
<!-- Generated by org.testng.reporters.JUnitReportReporter -->
<testsuite hostname="DESKTOP-EAGAB1P" failures="0" tests="1" name="testcases.CheckOutComplete_test" time="7.365" errors="0" timestamp="2025-02-01T13:31:56 IST" skipped="0">
  <testcase classname="testcases.CheckOutComplete_test" name="verifythankUtxt" time="7.365">
    <system-out>
      <![CDATA[actual thank u text: THANK YOU FOR YOUR ORDER]]>
    </system-out>
  </testcase> <!-- verifythankUtxt -->
  <system-out>
    <![CDATA[After click on cancel btn URL is: https://www.saucedemo.com/v1/cart.html
Check out step 1 page title: Checkout: Your Information
actual thank u text: THANK YOU FOR YOUR ORDER]]>
  </system-out>
</testsuite> <!-- testcases.CheckOutComplete_test -->
