<?xml version="1.0" encoding="UTF-8"?>
<!-- Generated by org.testng.reporters.JUnitReportReporter -->
<testsuite hostname="DESKTOP-EAGAB1P" failures="0" tests="1" name="testcases.CheckOutStep2Page_test" time="23.326" errors="0" timestamp="2025-01-30T16:37:17 IST" skipped="0">
  <testcase classname="testcases.CheckOutStep2Page_test" name="clickfinishbtnTxt" time="23.326">
    <system-out>
      <![CDATA[After click on finish btn move to : https://www.saucedemo.com/v1/checkout-complete.html]]>
    </system-out>
  </testcase> <!-- clickfinishbtnTxt -->
  <system-out>
    <![CDATA[After click on finish btn move to : https://www.saucedemo.com/v1/checkout-complete.html]]>
  </system-out>
</testsuite> <!-- testcases.CheckOutStep2Page_test -->
