<?xml version="1.0" encoding="UTF-8"?>
<!-- Generated by org.testng.reporters.JUnitReportReporter -->
<testsuite hostname="DESKTOP-EAGAB1P" failures="0" tests="5" name="testcases.CartPage_test" time="36.164" errors="0" timestamp="2025-02-01T13:44:35 IST" skipped="0">
  <testcase classname="testcases.CartPage_test" name="clickOnCheckoutBtnTest" time="7.461">
    <system-out>
      <![CDATA[step 1 URL after click on checkOUT button: https://www.saucedemo.com/v1/checkout-step-one.html]]>
    </system-out>
  </testcase> <!-- clickOnCheckoutBtnTest -->
  <testcase classname="testcases.CartPage_test" name="verifyDescriptionTextTest" time="6.250">
    <system-out>
      <![CDATA[actual description text: DESCRIPTION]]>
    </system-out>
  </testcase> <!-- verifyDescriptionTextTest -->
  <testcase classname="testcases.CartPage_test" name="verifyYourCartTitleTest" time="8.854">
    <system-out>
      <![CDATA[actual cart title: Your Cart]]>
    </system-out>
  </testcase> <!-- verifyYourCartTitleTest -->
  <testcase classname="testcases.CartPage_test" name="verifyQuantityTextTest" time="6.259">
    <system-out>
      <![CDATA[actual quantity text: QTY]]>
    </system-out>
  </testcase> <!-- verifyQuantityTextTest -->
  <testcase classname="testcases.CartPage_test" name="verifyCartPageURLTest" time="7.340">
    <system-out>
      <![CDATA[actual Cart URL:https://www.saucedemo.com/v1/cart.html]]>
    </system-out>
  </testcase> <!-- verifyCartPageURLTest -->
  <system-out>
    <![CDATA[step 1 URL after click on checkOUT button: https://www.saucedemo.com/v1/checkout-step-one.html
actual Cart URL:https://www.saucedemo.com/v1/cart.html
actual description text: DESCRIPTION
actual quantity text: QTY
actual cart title: Your Cart]]>
  </system-out>
</testsuite> <!-- testcases.CartPage_test -->
