<?xml version="1.0" encoding="UTF-8"?>
<!-- Generated by org.testng.reporters.JUnitReportReporter -->
<testsuite hostname="DESKTOP-EAGAB1P" failures="0" tests="7" name="testcases.InventoryPage_test" time="42.588" errors="0" timestamp="2025-02-01T13:09:32 IST" skipped="1">
  <testcase classname="testcases.InventoryPage_test" name="verifyTitleTest" time="7.853">
    <system-out>
      <![CDATA[Actual Title of inventory page Products]]>
    </system-out>
  </testcase> <!-- verifyTitleTest -->
  <testcase classname="testcases.InventoryPage_test" name="verifyFBlogoTest" time="5.831">
    <system-out>
      <![CDATA[FB logo :true]]>
    </system-out>
  </testcase> <!-- verifyFBlogoTest -->
  <testcase classname="testcases.InventoryPage_test" name="verifyLinkedinlogoTest" time="5.968">
    <system-out>
      <![CDATA[LinkedIn logo :true]]>
    </system-out>
  </testcase> <!-- verifyLinkedinlogoTest -->
  <testcase classname="testcases.InventoryPage_test" name="add3productsTest" time="6.943">
    <system-out>
      <![CDATA[Total products added to cart: 3]]>
    </system-out>
  </testcase> <!-- add3productsTest -->
  <testcase classname="testcases.InventoryPage_test" name="remove2productsTest" time="6.507">
    <system-out>
      <![CDATA[Total products available in cart after removal from cart: 2]]>
    </system-out>
  </testcase> <!-- remove2productsTest -->
  <testcase classname="testcases.InventoryPage_test" name="verifyFootertext" time="9.486">
    <system-out>
      <![CDATA[Actual footer text: © 2020 Sauce Labs. All Rights Reserved. Terms of Service | Privacy Policy]]>
    </system-out>
  </testcase> <!-- verifyFootertext -->
  <testcase classname="testcases.InventoryPage_test" name="verifyTwitterLogoTest">
    <skipped/>
  </testcase> <!-- verifyTwitterLogoTest -->
  <system-out>
    <![CDATA[Actual Title of inventory page Products
FB logo :true
LinkedIn logo :true
Total products added to cart: 3
Total products available in cart after removal from cart: 2
Actual footer text: © 2020 Sauce Labs. All Rights Reserved. Terms of Service | Privacy Policy]]>
  </system-out>
</testsuite> <!-- testcases.InventoryPage_test -->
