<?xml version="1.0" encoding="UTF-8"?>
<!-- Generated by org.testng.reporters.JUnitReportReporter -->
<testsuite hostname="DESKTOP-EAGAB1P" failures="0" tests="1" name="testcases.LoginPage_test" time="9.255" errors="0" timestamp="2025-02-01T13:43:19 IST" skipped="0">
  <testcase classname="testcases.LoginPage_test" name="LoginToApplicationTest" time="9.255">
    <system-out>
      <![CDATA[Login Successful: https://www.saucedemo.com/v1/inventory.html]]>
    </system-out>
  </testcase> <!-- LoginToApplicationTest -->
  <system-out>
    <![CDATA[Login Successful: https://www.saucedemo.com/v1/inventory.html]]>
  </system-out>
</testsuite> <!-- testcases.LoginPage_test -->
